This is pdfTeX, Version 3.141592653-2.6-1.40.23 (MiKTeX 21.8) (preloaded format=latex 2021.12.2)  2 DEC 2021 20:10
entering extended mode
**./media/Tex/370422cc9506836c.tex
(media/Tex/370422cc9506836c.tex
LaTeX2e <2021-06-01> patch level 1
L3 programming layer <2021-08-27>
(C:\Users\StrikerBadger\AppData\Local\Programs\MiKTeX\tex/latex/standalone\stan
dalone.cls
Document Class: standalone 2018/03/26 v1.3a Class to compile TeX sub-files stan
dalone

(C:\Users\StrikerBadger\AppData\Local\Programs\MiKTeX\tex/latex/tools\shellesc.
sty
Package: shellesc 2019/11/08 v1.0c unified shell escape interface for LaTeX
Package shellesc Info: Restricted shell escape enabled on input line 77.
)
(C:\Users\StrikerBadger\AppData\Local\Programs\MiKTeX\tex/generic/iftex\ifluate
x.sty
Package: ifluatex 2019/10/25 v1.5 ifluatex legacy package. Use iftex instead.

(C:\Users\StrikerBadger\AppData\Local\Programs\MiKTeX\tex/generic/iftex\iftex.s
ty
Package: iftex 2020/03/06 v1.0d TeX engine tests
))
(C:\Users\StrikerBadger\AppData\Local\Programs\MiKTeX\tex/latex/xkeyval\xkeyval
.sty
Package: xkeyval 2020/11/20 v2.8 package option processing (HA)

(C:\Users\StrikerBadger\AppData\Local\Programs\MiKTeX\tex/generic/xkeyval\xkeyv
al.tex
(C:\Users\StrikerBadger\AppData\Local\Programs\MiKTeX\tex/generic/xkeyval\xkvut
ils.tex
\XKV@toks=\toks16
\XKV@tempa@toks=\toks17

(C:\Users\StrikerBadger\AppData\Local\Programs\MiKTeX\tex/generic/xkeyval\keyva
l.tex))
\XKV@depth=\count182
File: xkeyval.tex 2014/12/03 v2.7a key=value parser (HA)
))
\sa@internal=\count183
\c@sapage=\count184

(C:\Users\StrikerBadger\AppData\Local\Programs\MiKTeX\tex/latex/standalone\stan
dalone.cfg
File: standalone.cfg 2018/03/26 v1.3a Default configuration file for 'standalon
e' class
)
(C:\Users\StrikerBadger\AppData\Local\Programs\MiKTeX\tex/latex/base\article.cl
s
Document Class: article 2021/02/12 v1.4n Standard LaTeX document class

(C:\Users\StrikerBadger\AppData\Local\Programs\MiKTeX\tex/latex/base\size10.clo
File: size10.clo 2021/02/12 v1.4n Standard LaTeX file (size option)
)
\c@part=\count185
\c@section=\count186
\c@subsection=\count187
\c@subsubsection=\count188
\c@paragraph=\count189
\c@subparagraph=\count190
\c@figure=\count191
\c@table=\count192
\abovecaptionskip=\skip47
\belowcaptionskip=\skip48
\bibindent=\dimen138
)
(C:\Users\StrikerBadger\AppData\Local\Programs\MiKTeX\tex/latex/preview\preview
.sty
Package: preview 2017/04/24 12.3 (AUCTeX/preview-latex)

(C:\Users\StrikerBadger\AppData\Local\Programs\MiKTeX\tex/latex/luatex85\luatex
85.sty
Package: luatex85 2016/06/15 v1.4 pdftex aliases for luatex
)
(C:\Users\StrikerBadger\AppData\Local\Programs\MiKTeX\tex/latex/preview\prtight
page.def
\PreviewBorder=\dimen139
)
\pr@snippet=\count193
\pr@box=\box50
\pr@output=\toks18
))
(C:\Users\StrikerBadger\AppData\Local\Programs\MiKTeX\tex/generic/babel\babel.s
ty
Package: babel 2021/07/22 3.63 The Babel package

(C:\Users\StrikerBadger\AppData\Local\Programs\MiKTeX\tex/generic/babel\babel.d
ef
File: babel.def 2021/07/22 3.63 Babel common definitions
\babel@savecnt=\count194
\U@D=\dimen140
\l@unhyphenated=\language79

(C:\Users\StrikerBadger\AppData\Local\Programs\MiKTeX\tex/generic/babel\txtbabe
l.def)
\bbl@readstream=\read2
)
\bbl@dirlevel=\count195
*************************************
* Local config file bblopts.cfg used
*

(C:\Users\StrikerBadger\AppData\Local\Programs\MiKTeX\tex/latex/arabi\bblopts.c
fg
File: bblopts.cfg 2005/09/08 v0.1 add Arabic and Farsi to "declared" options of
 babel
)
(C:\Users\StrikerBadger\AppData\Local\Programs\MiKTeX\tex/latex/babel-english\e
nglish.ldf
Language: english 2017/06/06 v3.3r English support from the babel system
Package babel Info: Hyphen rules for 'canadian' set to \l@english
(babel)             (\language0). Reported on input line 102.
Package babel Info: Hyphen rules for 'australian' set to \l@ukenglish
(babel)             (\language73). Reported on input line 105.
Package babel Info: Hyphen rules for 'newzealand' set to \l@ukenglish
(babel)             (\language73). Reported on input line 108.
))
(C:\Users\StrikerBadger\AppData\Local\Programs\MiKTeX\tex/latex/amsmath\amsmath
.sty
Package: amsmath 2021/04/20 v2.17j AMS math features
\@mathmargin=\skip49
For additional information on amsmath, use the `?' option.

(C:\Users\StrikerBadger\AppData\Local\Programs\MiKTeX\tex/latex/amsmath\amstext
.sty
Package: amstext 2000/06/29 v2.01 AMS text

(C:\Users\StrikerBadger\AppData\Local\Programs\MiKTeX\tex/latex/amsmath\amsgen.
sty
File: amsgen.sty 1999/11/30 v2.0 generic functions
\@emptytoks=\toks19
\ex@=\dimen141
))
(C:\Users\StrikerBadger\AppData\Local\Programs\MiKTeX\tex/latex/amsmath\amsbsy.
sty
Package: amsbsy 1999/11/29 v1.2d Bold Symbols
\pmbraise@=\dimen142
)
(C:\Users\StrikerBadger\AppData\Local\Programs\MiKTeX\tex/latex/amsmath\amsopn.
sty
Package: amsopn 2016/03/08 v2.02 operator names
)
\inf@bad=\count196
LaTeX Info: Redefining \frac on input line 234.
\uproot@=\count197
\leftroot@=\count198
LaTeX Info: Redefining \overline on input line 399.
\classnum@=\count199
\DOTSCASE@=\count266
LaTeX Info: Redefining \ldots on input line 496.
LaTeX Info: Redefining \dots on input line 499.
LaTeX Info: Redefining \cdots on input line 620.
\Mathstrutbox@=\box51
\strutbox@=\box52
\big@size=\dimen143
LaTeX Font Info:    Redeclaring font encoding OML on input line 743.
LaTeX Font Info:    Redeclaring font encoding OMS on input line 744.
\macc@depth=\count267
\c@MaxMatrixCols=\count268
\dotsspace@=\muskip16
\c@parentequation=\count269
\dspbrk@lvl=\count270
\tag@help=\toks20
\row@=\count271
\column@=\count272
\maxfields@=\count273
\andhelp@=\toks21
\eqnshift@=\dimen144
\alignsep@=\dimen145
\tagshift@=\dimen146
\tagwidth@=\dimen147
\totwidth@=\dimen148
\lineht@=\dimen149
\@envbody=\toks22
\multlinegap=\skip50
\multlinetaggap=\skip51
\mathdisplay@stack=\toks23
LaTeX Info: Redefining \[ on input line 2923.
LaTeX Info: Redefining \] on input line 2924.
)
(C:\Users\StrikerBadger\AppData\Local\Programs\MiKTeX\tex/latex/amsfonts\amssym
b.sty
Package: amssymb 2013/01/14 v3.01 AMS font symbols

(C:\Users\StrikerBadger\AppData\Local\Programs\MiKTeX\tex/latex/amsfonts\amsfon
ts.sty
Package: amsfonts 2013/01/14 v3.01 Basic AMSFonts support
\symAMSa=\mathgroup4
\symAMSb=\mathgroup5
LaTeX Font Info:    Redeclaring math symbol \hbar on input line 98.
LaTeX Font Info:    Overwriting math alphabet `\mathfrak' in version `bold'
(Font)                  U/euf/m/n --> U/euf/b/n on input line 106.
))
(C:\Users\StrikerBadger\AppData\Local\Programs\MiKTeX\tex/latex/psnfss\chancery
.sty
Package: chancery 2020/03/25 PSNFSS-v9.3 (SPQR) 
)
(C:\Users\StrikerBadger\AppData\Local\Programs\MiKTeX\tex/latex/mathastext\math
astext.sty
Package: mathastext 2019/11/16 v1.3w Use the text font in math mode (JFB)
\mst@exists@muskip=\muskip17
\mst@forall@muskip=\muskip18
\mst@prime@muskip=\muskip19
\mst@do@nonletters=\toks24
\mst@do@easynonletters=\toks25
\mst@do@az=\toks26
\mst@do@AZ=\toks27
\symmtoperatorfont=\mathgroup6
\symmtletterfont=\mathgroup7
** ! and ?
** punctuation: , . : ; and \colon
LaTeX Info: Redefining \rightarrowfill on input line 790.
LaTeX Info: Redefining \leftarrowfill on input line 795.
** + and =
** adding = ; and + to \nfss@catcodes
** parentheses ( ) [ ] and slash /
** \# \mathdollar \% \& 
** \imath and \jmath 
LaTeX Font Info:    Overwriting math alphabet `\mathnormalbold' in version `nor
mal'
(Font)                  OT1/pzc/m/it --> OT1/pzc/m/it on input line 2140.
LaTeX Font Info:    Overwriting math alphabet `\mathnormalbold' in version `bol
d'
(Font)                  OT1/pzc/m/it --> OT1/pzc/m/it on input line 2140.
LaTeX Font Info:    Overwriting symbol font `mtletterfont' in version `normal'
(Font)                  OT1/pzc/m/it --> OT1/pzc/m/it on input line 2140.
LaTeX Font Info:    Overwriting symbol font `mtletterfont' in version `bold'
(Font)                  OT1/pzc/m/it --> OT1/pzc/m/it on input line 2140.
LaTeX Font Info:    Overwriting symbol font `mtoperatorfont' in version `normal
'
(Font)                  OT1/pzc/m/it --> OT1/pzc/m/it on input line 2140.
LaTeX Font Info:    Overwriting symbol font `mtoperatorfont' in version `bold'
(Font)                  OT1/pzc/m/it --> OT1/pzc/m/it on input line 2140.
LaTeX Font Info:    Overwriting math alphabet `\Mathbf' in version `normal'
(Font)                  OT1/pzc/m/it --> OT1/pzc/m/it on input line 2140.
LaTeX Font Info:    Overwriting math alphabet `\Mathbf' in version `bold'
(Font)                  OT1/pzc/m/it --> OT1/pzc/m/it on input line 2140.
LaTeX Font Info:    Overwriting math alphabet `\Mathit' in version `normal'
(Font)                  OT1/pzc/m/it --> OT1/pzc/m/it on input line 2140.
LaTeX Font Info:    Overwriting math alphabet `\Mathit' in version `bold'
(Font)                  OT1/pzc/m/it --> OT1/pzc/m/it on input line 2140.
LaTeX Font Info:    Overwriting math alphabet `\Mathsf' in version `normal'
(Font)                  OT1/cmss/m/it --> OT1/cmss/m/it on input line 2140.
LaTeX Font Info:    Overwriting math alphabet `\Mathsf' in version `bold'
(Font)                  OT1/cmss/m/it --> OT1/cmss/m/it on input line 2140.
LaTeX Font Info:    Overwriting math alphabet `\Mathtt' in version `normal'
(Font)                  OT1/cmtt/m/it --> OT1/cmtt/m/it on input line 2140.
LaTeX Font Info:    Overwriting math alphabet `\Mathtt' in version `bold'
(Font)                  OT1/cmtt/m/it --> OT1/cmtt/m/it on input line 2140.
** Latin letters in the normal (resp. bold) math versions are now
** set up to use the fonts OT1/pzc/m(m)/it
** Other characters (digits, ...) and \log-like names will be
** typeset with the it shape.
** \hbar
** minus as endash
)
LaTeX Font Info:    Trying to load font information for OT1+pzc on input line 1
7.

(C:\Users\StrikerBadger\AppData\Local\Programs\MiKTeX\tex/latex/psnfss\ot1pzc.f
d
File: ot1pzc.fd 2020/03/25 font definitions for OT1/pzc.
)
(C:\Users\StrikerBadger\AppData\Local\Programs\MiKTeX\tex/latex/l3backend\l3bac
kend-dvips.def
File: l3backend-dvips.def 2021-08-04 L3 backend support: dvips
\l__pdf_internal_box=\box53
\g__pdf_backend_object_int=\count274
\l__pdf_backend_content_box=\box54
\l__pdf_backend_model_box=\box55
\g__pdf_backend_annotation_int=\count275
\g__pdf_backend_link_int=\count276
\g__pdf_backend_link_sf_int=\count277
)
No file 370422cc9506836c.aux.
\openout1 = `370422cc9506836c.aux'.

LaTeX Font Info:    Checking defaults for OML/cmm/m/it on input line 17.
LaTeX Font Info:    ... okay on input line 17.
LaTeX Font Info:    Checking defaults for OMS/cmsy/m/n on input line 17.
LaTeX Font Info:    ... okay on input line 17.
LaTeX Font Info:    Checking defaults for OT1/cmr/m/n on input line 17.
LaTeX Font Info:    ... okay on input line 17.
LaTeX Font Info:    Checking defaults for T1/cmr/m/n on input line 17.
LaTeX Font Info:    ... okay on input line 17.
LaTeX Font Info:    Checking defaults for TS1/cmr/m/n on input line 17.
LaTeX Font Info:    ... okay on input line 17.
LaTeX Font Info:    Checking defaults for OMX/cmex/m/n on input line 17.
LaTeX Font Info:    ... okay on input line 17.
LaTeX Font Info:    Checking defaults for U/cmr/m/n on input line 17.
LaTeX Font Info:    ... okay on input line 17.
Preview: Fontsize 10pt
Package mathastext Info: current meaning of amsmath \resetMathstrut@ saved on i
nput line 17.
Preview: Tightpage 0 0 0 0
[1]
(C:\Users\StrikerBadger\PycharmProjects\manimVideos\officialExamples\fonts\medi
a\Tex\370422cc9506836c.aux) ) 
Here is how much of TeX's memory you used:
 3843 strings out of 478928
 60166 string characters out of 2848769
 363801 words of memory out of 3000000
 21692 multiletter control sequences out of 15000+600000
 403946 words of font info for 28 fonts, out of 8000000 for 9000
 1141 hyphenation exceptions out of 8191
 57i,2n,71p,244b,104s stack positions out of 5000i,500n,10000p,200000b,80000s

Output written on C:\Users\StrikerBadger\PycharmProjects\manimVideos\officialEx
amples\fonts\media\Tex\370422cc9506836c.dvi (1 page, 1628 bytes).
